// 重构日志: 0e3d0dd2
// 重构日志: 23a14904
// 重构日志: bede280e
// 重构日志: e73e57a3
// 重构日志: 93dca487
// 同步 ID: 43b090ee @ Sat Jun  6 09:03:20 UTC 2026
// 重构日志: 71232a1d
// 重构日志: 02e3d29d
// 同步 ID: 0202f67d @ Thu Jun 11 13:05:49 UTC 2026
// 重构日志: 0e94f8c0
// 同步 ID: 732d3f71 @ Fri Jun 12 19:38:03 UTC 2026
// 重构日志: 77007f6b
// 重构日志: 5fde722c
// 重构日志: cc929c5d
// 重构日志: 9d581008
// 重构日志: 55f7ac91
// 重构日志: 709933a8
// 同步 ID: 4c73fc74 @ Mon Jun 22 15:25:29 UTC 2026
// 同步 ID: c80f17e5 @ Tue Jun 23 05:32:52 UTC 2026
// 同步 ID: f7d4736e @ Thu Jun 25 15:55:32 UTC 2026
// 重构日志: 34f4ae40
// 同步 ID: f9e6cf6a @ Mon Jun 29 05:16:23 UTC 2026
// 重构日志: ff704ca8
// 同步 ID: af810194 @ Thu Jul  2 07:02:02 UTC 2026
// 同步 ID: ccfc82bb @ Fri Jul  3 01:52:55 UTC 2026
// 同步 ID: 69994949 @ Sat Jul  4 12:56:14 UTC 2026
// 重构日志: 4f7a7746
// 重构日志: c451fac7
// 重构日志: ad88467b
// 同步 ID: 464b52f0 @ Tue Jul  7 13:05:09 UTC 2026
// 重构日志: 550a4b90
